# JRE version: OpenJDK Runtime Environment Temurin-22.0.2+9 (22.0.2+9) (build 22.0.2+9)
# Java VM: OpenJDK 64-Bit Server VM Temurin-22.0.2+9 (22.0.2+9, mixed mode, emulated-client, tiered, compressed oops, compressed class ptrs, g1 gc, windows-amd64)
GC Precious Log:
 CardTable entry size: 512
 Card Set container configuration: InlinePtr #cards 4 size 8 Array Of Cards #cards 16 size 48 Howl #buckets 8 coarsen threshold 3686 Howl Bitmap #cards 512 size 80 coarsen threshold 460 Card regions per heap region 1 cards per card region 4096
 CPUs: 12 total, 12 available
 Memory: 15182M
 Large Page Support: Disabled
 NUMA Support: Disabled
 Compressed Oops: Enabled (Zero based)
 Heap Region Size: 2M
 Heap Min Capacity: 8M
 Heap Initial Capacity: 238M
 Heap Max Capacity: 3796M
 Pre-touch: Disabled
 Parallel Workers: 10
 Concurrent Workers: 3
 Concurrent Refinement Workers: 10
 Periodic GC: Disabled
Heap:
 garbage-first heap   total reserved 3887104K, committed 73728K, used 27419K [0x0000000712c00000, 0x0000000800000000)
  region size 2048K, 4 young (8192K), 3 survivors (6144K)
 Metaspace       used 63708K, committed 64192K, reserved 1114112K
  class space    used 8460K, committed 8640K, reserved 1048576K
GC Heap History (20 events):
Event: 10.309 GC heap before
{Heap before GC invocations=12 (full 0):
 garbage-first heap   total reserved 3887104K, committed 61440K, used 50317K [0x0000000712c00000, 0x0000000800000000)
  region size 2048K, 18 young (36864K), 2 survivors (4096K)
 Metaspace       used 41051K, committed 41472K, reserved 1114112K
  class space    used 5065K, committed 5248K, reserved 1048576K
}
Event: 10.315 GC heap after
{Heap after GC invocations=13 (full 0):
 garbage-first heap   total reserved 3887104K, committed 61440K, used 19780K [0x0000000712c00000, 0x0000000800000000)
  region size 2048K, 2 young (4096K), 2 survivors (4096K)
 Metaspace       used 41051K, committed 41472K, reserved 1114112K
  class space    used 5065K, committed 5248K, reserved 1048576K
}
Event: 11.315 GC heap before
{Heap before GC invocations=13 (full 0):
 garbage-first heap   total reserved 3887104K, committed 61440K, used 52548K [0x0000000712c00000, 0x0000000800000000)
  region size 2048K, 18 young (36864K), 2 survivors (4096K)
 Metaspace       used 42872K, committed 43328K, reserved 1114112K
  class space    used 5298K, committed 5504K, reserved 1048576K
}
Event: 11.323 GC heap after
{Heap after GC invocations=14 (full 0):
 garbage-first heap   total reserved 3887104K, committed 61440K, used 21495K [0x0000000712c00000, 0x0000000800000000)
  region size 2048K, 2 young (4096K), 2 survivors (4096K)
 Metaspace       used 42872K, committed 43328K, reserved 1114112K
  class space    used 5298K, committed 5504K, reserved 1048576K
}
Event: 12.805 GC heap before
{Heap before GC invocations=14 (full 0):
 garbage-first heap   total reserved 3887104K, committed 61440K, used 52215K [0x0000000712c00000, 0x0000000800000000)
  region size 2048K, 17 young (34816K), 2 survivors (4096K)
 Metaspace       used 46280K, committed 46784K, reserved 1114112K
  class space    used 5706K, committed 5952K, reserved 1048576K
}
Event: 12.811 GC heap after
{Heap after GC invocations=15 (full 0):
 garbage-first heap   total reserved 3887104K, committed 61440K, used 23053K [0x0000000712c00000, 0x0000000800000000)
  region size 2048K, 2 young (4096K), 2 survivors (4096K)
 Metaspace       used 46280K, committed 46784K, reserved 1114112K
  class space    used 5706K, committed 5952K, reserved 1048576K
}
Event: 13.389 GC heap before
{Heap before GC invocations=15 (full 0):
 garbage-first heap   total reserved 3887104K, committed 61440K, used 51725K [0x0000000712c00000, 0x0000000800000000)
  region size 2048K, 16 young (32768K), 2 survivors (4096K)
 Metaspace       used 49088K, committed 49600K, reserved 1114112K
  class space    used 6135K, committed 6400K, reserved 1048576K
}
Event: 13.395 GC heap after
{Heap after GC invocations=16 (full 0):
 garbage-first heap   total reserved 3887104K, committed 61440K, used 22721K [0x0000000712c00000, 0x0000000800000000)
  region size 2048K, 1 young (2048K), 1 survivors (2048K)
 Metaspace       used 49088K, committed 49600K, reserved 1114112K
  class space    used 6135K, committed 6400K, reserved 1048576K
}
Event: 14.247 GC heap before
{Heap before GC invocations=16 (full 0):
 garbage-first heap   total reserved 3887104K, committed 61440K, used 53441K [0x0000000712c00000, 0x0000000800000000)
  region size 2048K, 16 young (32768K), 1 survivors (2048K)
 Metaspace       used 52172K, committed 52672K, reserved 1114112K
  class space    used 6685K, committed 6912K, reserved 1048576K
}
Event: 14.251 GC heap after
{Heap after GC invocations=17 (full 0):
 garbage-first heap   total reserved 3887104K, committed 73728K, used 23286K [0x0000000712c00000, 0x0000000800000000)
  region size 2048K, 1 young (2048K), 1 survivors (2048K)
 Metaspace       used 52172K, committed 52672K, reserved 1114112K
  class space    used 6685K, committed 6912K, reserved 1048576K
}
Event: 15.072 GC heap before
{Heap before GC invocations=17 (full 0):
 garbage-first heap   total reserved 3887104K, committed 73728K, used 62198K [0x0000000712c00000, 0x0000000800000000)
  region size 2048K, 21 young (43008K), 1 survivors (2048K)
 Metaspace       used 56288K, committed 56768K, reserved 1114112K
  class space    used 7225K, committed 7424K, reserved 1048576K
}
Event: 15.078 GC heap after
{Heap after GC invocations=18 (full 0):
 garbage-first heap   total reserved 3887104K, committed 73728K, used 24256K [0x0000000712c00000, 0x0000000800000000)
  region size 2048K, 2 young (4096K), 2 survivors (4096K)
 Metaspace       used 56288K, committed 56768K, reserved 1114112K
  class space    used 7225K, committed 7424K, reserved 1048576K
}
Event: 15.840 GC heap before
{Heap before GC invocations=18 (full 0):
 garbage-first heap   total reserved 3887104K, committed 73728K, used 61120K [0x0000000712c00000, 0x0000000800000000)
  region size 2048K, 20 young (40960K), 2 survivors (4096K)
 Metaspace       used 59284K, committed 59776K, reserved 1114112K
  class space    used 7787K, committed 8000K, reserved 1048576K
}
Event: 15.846 GC heap after
{Heap after GC invocations=19 (full 0):
 garbage-first heap   total reserved 3887104K, committed 73728K, used 24828K [0x0000000712c00000, 0x0000000800000000)
  region size 2048K, 2 young (4096K), 2 survivors (4096K)
 Metaspace       used 59284K, committed 59776K, reserved 1114112K
  class space    used 7787K, committed 8000K, reserved 1048576K
}
Event: 16.006 GC heap before
{Heap before GC invocations=19 (full 0):
 garbage-first heap   total reserved 3887104K, committed 73728K, used 30972K [0x0000000712c00000, 0x0000000800000000)
  region size 2048K, 6 young (12288K), 2 survivors (4096K)
 Metaspace       used 59821K, committed 60288K, reserved 1114112K
  class space    used 7873K, committed 8064K, reserved 1048576K
}
Event: 16.013 GC heap after
{Heap after GC invocations=20 (full 0):
 garbage-first heap   total reserved 3887104K, committed 73728K, used 25198K [0x0000000712c00000, 0x0000000800000000)
  region size 2048K, 2 young (4096K), 2 survivors (4096K)
 Metaspace       used 59821K, committed 60288K, reserved 1114112K
  class space    used 7873K, committed 8064K, reserved 1048576K
}
Event: 16.776 GC heap before
{Heap before GC invocations=21 (full 0):
 garbage-first heap   total reserved 3887104K, committed 73728K, used 62062K [0x0000000712c00000, 0x0000000800000000)
  region size 2048K, 20 young (40960K), 2 survivors (4096K)
 Metaspace       used 62520K, committed 62976K, reserved 1114112K
  class space    used 8274K, committed 8512K, reserved 1048576K
}
Event: 16.781 GC heap after
{Heap after GC invocations=22 (full 0):
 garbage-first heap   total reserved 3887104K, committed 73728K, used 26496K [0x0000000712c00000, 0x0000000800000000)
  region size 2048K, 3 young (6144K), 3 survivors (6144K)
 Metaspace       used 62520K, committed 62976K, reserved 1114112K
  class space    used 8274K, committed 8512K, reserved 1048576K
}
Event: 87.959 GC heap before
{Heap before GC invocations=22 (full 0):
 garbage-first heap   total reserved 3887104K, committed 73728K, used 59264K [0x0000000712c00000, 0x0000000800000000)
  region size 2048K, 19 young (38912K), 3 survivors (6144K)
 Metaspace       used 63704K, committed 64192K, reserved 1114112K
  class space    used 8459K, committed 8640K, reserved 1048576K
}
Event: 87.969 GC heap after
{Heap after GC invocations=23 (full 0):
 garbage-first heap   total reserved 3887104K, committed 73728K, used 27419K [0x0000000712c00000, 0x0000000800000000)
  region size 2048K, 3 young (6144K), 3 survivors (6144K)
 Metaspace       used 63704K, committed 64192K, reserved 1114112K
  class space    used 8459K, committed 8640K, reserved 1048576K
}

